<?xml version="1.0" encoding="UTF-8"?>
<!-- Generated by org.testng.reporters.JUnitReportReporter -->
<testsuite hostname="ubuntu" failures="0" tests="1" name="DataProviderTest" time="0.021" errors="0" timestamp="2023-07-03T00:47:24 AMT" skipped="0">
  <testcase classname="DataProviderTest" name="test1" time="0.021"/>
</testsuite> <!-- DataProviderTest -->
